\BOOKMARK [0][-]{section*.5}{List of Tables}{}% 1
\BOOKMARK [0][-]{section*.6}{List of Figures}{}% 2
\BOOKMARK [0][-]{chapter.1}{Introduction}{}% 3
\BOOKMARK [1][-]{section.1.1}{Quantum Exploits in Light Harvesting Systems}{chapter.1}% 4
\BOOKMARK [2][-]{subsection.1.1.1}{Electronic Energy Transfer}{section.1.1}% 5
\BOOKMARK [2][-]{subsection.1.1.2}{Coherence}{section.1.1}% 6
\BOOKMARK [1][-]{section.1.2}{Light-Matter Response}{chapter.1}% 7
\BOOKMARK [1][-]{section.1.3}{Electronic Structure for Large Systems}{chapter.1}% 8
\BOOKMARK [1][-]{section.1.4}{The Aim}{chapter.1}% 9
\BOOKMARK [0][-]{chapter.2}{Mean-Field excited states}{}% 10
\BOOKMARK [1][-]{section.2.1}{Theory}{chapter.2}% 11
\BOOKMARK [2][-]{subsection.2.1.1}{-SCF and eigenvalue difference}{section.2.1}% 12
\BOOKMARK [2][-]{subsection.2.1.2}{Semi-empirical extensions}{section.2.1}% 13
\BOOKMARK [1][-]{section.2.2}{Benchmarking}{chapter.2}% 14
\BOOKMARK [2][-]{subsection.2.2.1}{Small Systems}{section.2.2}% 15
\BOOKMARK [2][-]{subsection.2.2.2}{LHII Chlorophyll}{section.2.2}% 16
\BOOKMARK [2][-]{subsection.2.2.3}{GFN methods}{section.2.2}% 17
\BOOKMARK [1][-]{section.2.3}{Extensibility}{chapter.2}% 18
\BOOKMARK [2][-]{subsection.2.3.1}{Non-orthogonality}{section.2.3}% 19
\BOOKMARK [2][-]{subsection.2.3.2}{Embedding}{section.2.3}% 20
\BOOKMARK [2][-]{subsection.2.3.3}{Scaling}{section.2.3}% 21
\BOOKMARK [0][-]{chapter.3}{Chlorophyll specific methods}{}% 22
\BOOKMARK [1][-]{section.3.1}{Shortcuts in the Cassida equation}{chapter.3}% 23
\BOOKMARK [2][-]{subsection.3.1.1}{Approximations to Solutions}{section.3.1}% 24
\BOOKMARK [2][-]{subsection.3.1.2}{MNOK Integrals}{section.3.1}% 25
\BOOKMARK [1][-]{section.3.2}{Parameterization}{chapter.3}% 26
\BOOKMARK [2][-]{subsection.3.2.1}{Reference Data}{section.3.2}% 27
\BOOKMARK [2][-]{subsection.3.2.2}{Objective Function}{section.3.2}% 28
\BOOKMARK [2][-]{subsection.3.2.3}{Minimization Algorithms}{section.3.2}% 29
\BOOKMARK [1][-]{section.3.3}{Benchmarking}{chapter.3}% 30
\BOOKMARK [2][-]{subsection.3.3.1}{Transition properties}{section.3.3}% 31
\BOOKMARK [2][-]{subsection.3.3.2}{Potential Energy Surfaces}{section.3.3}% 32
\BOOKMARK [2][-]{subsection.3.3.3}{Absorption Spectra}{section.3.3}% 33
\BOOKMARK [0][-]{chapter.4}{Exciton Method}{}% 34
\BOOKMARK [1][-]{section.4.1}{Theory}{chapter.4}% 35
\BOOKMARK [2][-]{subsection.4.1.1}{Exciton States}{section.4.1}% 36
\BOOKMARK [2][-]{subsection.4.1.2}{Embedding}{section.4.1}% 37
\BOOKMARK [1][-]{section.4.2}{Truncated Chlorophylls}{chapter.4}% 38
\BOOKMARK [2][-]{subsection.4.2.1}{Rotation}{section.4.2}% 39
\BOOKMARK [2][-]{subsection.4.2.2}{Distance}{section.4.2}% 40
\BOOKMARK [1][-]{section.4.3}{LHII Pairs}{chapter.4}% 41
\BOOKMARK [2][-]{subsection.4.3.1}{Assignment of States}{section.4.3}% 42
\BOOKMARK [2][-]{subsection.4.3.2}{Comparison}{section.4.3}% 43
\BOOKMARK [0][-]{chapter.5}{Atomistic Modelling of Light Harvesting Complexes}{}% 44
\BOOKMARK [1][-]{section.5.1}{LHII}{chapter.5}% 45
\BOOKMARK [2][-]{subsection.5.1.1}{Spectral Density}{section.5.1}% 46
\BOOKMARK [2][-]{subsection.5.1.2}{Molecular Dynamics Method}{section.5.1}% 47
\BOOKMARK [1][-]{section.5.2}{Approximating Spectral Densities}{chapter.5}% 48
\BOOKMARK [2][-]{subsection.5.2.1}{Hessians}{section.5.2}% 49
\BOOKMARK [2][-]{subsection.5.2.2}{Chlorophyll distances}{section.5.2}% 50
\BOOKMARK [1][-]{section.5.3}{Excitation Energies}{chapter.5}% 51
\BOOKMARK [0][-]{chapter.6}{Discussion}{}% 52
\BOOKMARK [1][-]{section.6.1}{Transition Property Approximations}{chapter.6}% 53
\BOOKMARK [1][-]{section.6.2}{Further Investigations into LHII}{chapter.6}% 54
\BOOKMARK [1][-]{section.6.3}{Coherence}{chapter.6}% 55
\BOOKMARK [0][-]{appendix.A}{Appendix A}{}% 56
\BOOKMARK [1][-]{section.A.1}{Electronic Structure Codes}{appendix.A}% 57
\BOOKMARK [1][-]{section.A.2}{Computational Hardware}{appendix.A}% 58
\BOOKMARK [0][-]{appendix*.7}{Bibliography}{}% 59
